2021-05-17 09:49:16,827 INFO o.s.b.StartupInfoLogger [main] Starting ECommerceApplication using Java 1.8.0_251 on LAPTOP-FKT30GOJ with PID 12088 (C:\Users\Stefania\eclipse-workspace\e-commerce\e-commerce\target\classes started by Stefania in C:\Users\Stefania\eclipse-workspace\e-commerce\e-commerce)
2021-05-17 09:49:16,855 DEBUG o.s.b.StartupInfoLogger [main] Running with Spring Boot v2.4.4, Spring v5.3.5
2021-05-17 09:49:16,856 INFO o.s.b.SpringApplication [main] No active profile set, falling back to default profiles: default
2021-05-17 09:49:27,003 INFO o.s.b.StartupInfoLogger [main] Started ECommerceApplication in 10.69 seconds (JVM running for 12.162)
2021-05-17 09:49:59,365 INFO i.o.e.c.ArticoloController [http-nio-8080-exec-2] Richiesta servizio ricerca articolo per nome [Baguette]
2021-05-17 09:54:59,851 INFO i.o.e.c.ArticoloController [http-nio-8080-exec-7] Richiesta servizio ricerca articolo per nome [Baguette]
2021-05-17 10:04:34,061 INFO i.o.e.c.ArticoloController [http-nio-8080-exec-8] Richiesta servizio ricerca articolo per nome [Baguette]
2021-05-17 10:29:44,496 INFO i.o.e.c.ArticoloController [http-nio-8080-exec-1] Richiesta servizio ricerca articolo per nome [Baguette]
2021-05-17 10:40:01,603 INFO i.o.e.c.ArticoloController [http-nio-8080-exec-7] Richiesta servizio ricerca articolo per nome [Baguette]
2021-05-17 12:05:57,581 INFO i.o.e.c.ArticoloController [http-nio-8080-exec-10] Richiesta servizio ricerca articolo per nome [Baguette]
2021-05-17 12:17:39,273 INFO i.o.e.c.ArticoloController [http-nio-8080-exec-8] Richiesta servizio ricerca articolo per nome [Baguette]
2021-05-17 12:17:51,462 INFO i.o.e.c.ArticoloController [http-nio-8080-exec-9] Richiesta servizio ricerca articolo per nome [Palestra per cani]
2021-05-17 12:24:28,140 INFO i.o.e.c.ArticoloController [http-nio-8080-exec-5] Richiesta servizio ricerca articolo per nome [Baguette]
2021-05-17 12:53:05,823 INFO i.o.e.c.ArticoloController [http-nio-8080-exec-10] Richiesta servizio ricerca articolo per nome [Palestra per cani]
2021-05-17 14:16:11,802 INFO i.o.e.c.ArticoloController [http-nio-8080-exec-9] Richiesta servizio ricerca articolo per nome [Baguette]
2021-05-17 14:17:14,078 INFO i.o.e.c.ArticoloController [http-nio-8080-exec-6] Richiesta servizio ricerca articolo per nome [Baguette]
2021-05-17 14:17:46,087 INFO i.o.e.c.ArticoloController [http-nio-8080-exec-8] Richiesta servizio ricerca articolo per nome [Baguette]
2021-05-17 14:17:57,973 INFO i.o.e.c.ArticoloController [http-nio-8080-exec-10] Richiesta servizio ricerca articolo per nome []
2021-05-17 14:18:02,599 INFO i.o.e.c.ArticoloController [http-nio-8080-exec-2] Richiesta servizio ricerca articolo per nome [Baguette]
2021-05-17 14:23:56,951 INFO i.o.e.c.ArticoloController [http-nio-8080-exec-6] Richiesta servizio ricerca articolo per nome [Baguette]
2021-05-17 14:24:55,556 INFO i.o.e.c.ArticoloController [http-nio-8080-exec-8] Richiesta servizio ricerca articolo per nome [Baguette]
2021-05-17 14:25:54,861 INFO i.o.e.c.ArticoloController [http-nio-8080-exec-10] Richiesta servizio ricerca articolo per nome [Baguette]
2021-05-17 14:26:32,809 INFO i.o.e.c.ArticoloController [http-nio-8080-exec-9] Richiesta servizio ricerca articolo per nome [Baguette]
